mode: set
github.com/databr/api/service/parliamentarian_resource.go:17.57,23.22 5 1
github.com/databr/api/service/parliamentarian_resource.go:31.2,32.17 2 1
github.com/databr/api/service/parliamentarian_resource.go:35.2,39.16 3 1
github.com/databr/api/service/parliamentarian_resource.go:23.22,29.3 1 0
github.com/databr/api/service/parliamentarian_resource.go:32.17,34.3 1 1
github.com/databr/api/service/parliamentarian_resource.go:39.16,41.3 1 0
github.com/databr/api/service/parliamentarian_resource.go:41.3,42.18 1 1
github.com/databr/api/service/parliamentarian_resource.go:47.3,49.13 2 1
github.com/databr/api/service/parliamentarian_resource.go:55.3,68.45 3 1
github.com/databr/api/service/parliamentarian_resource.go:42.18,45.4 2 1
github.com/databr/api/service/parliamentarian_resource.go:49.13,53.4 3 1
github.com/databr/api/service/parliamentarian_resource.go:72.55,81.12 5 0
github.com/databr/api/service/parliamentarian_resource.go:87.2,89.16 2 0
github.com/databr/api/service/parliamentarian_resource.go:81.12,85.3 3 0
github.com/databr/api/service/parliamentarian_resource.go:89.16,91.3 1 0
github.com/databr/api/service/parliamentarian_resource.go:91.3,93.3 1 0
github.com/databr/api/service/parliamentarian_resource.go:96.72,97.22 1 1
github.com/databr/api/service/parliamentarian_resource.go:97.22,99.3 1 1
github.com/databr/api/service/parliamentarian_resource.go:102.78,103.22 1 1
github.com/databr/api/service/parliamentarian_resource.go:103.22,105.3 1 1
github.com/databr/api/service/parliamentarian_resource.go:108.67,115.2 1 1
github.com/databr/api/service/parliamentarian_resource.go:117.94,120.2 2 1
github.com/databr/api/service/parliamentarians_service.go:12.69,16.2 3 1
github.com/databr/api/service/parliamentarians_service.go:16.2,20.3 2 1
github.com/databr/api/service/party_resource.go:17.47,23.17 5 0
github.com/databr/api/service/party_resource.go:26.2,30.16 3 0
github.com/databr/api/service/party_resource.go:23.17,25.3 1 0
github.com/databr/api/service/party_resource.go:30.16,33.3 2 0
github.com/databr/api/service/party_resource.go:33.3,34.18 1 0
github.com/databr/api/service/party_resource.go:39.3,51.45 2 0
github.com/databr/api/service/party_resource.go:34.18,37.4 2 0
github.com/databr/api/service/party_resource.go:55.45,62.16 4 0
github.com/databr/api/service/party_resource.go:62.16,64.3 1 0
github.com/databr/api/service/party_resource.go:64.3,66.3 1 0
github.com/databr/api/service/service.go:21.26,26.21 3 1
github.com/databr/api/service/service.go:30.2,30.35 1 1
github.com/databr/api/service/service.go:34.2,34.19 1 1
github.com/databr/api/service/service.go:26.21,28.3 1 0
github.com/databr/api/service/service.go:30.35,32.3 1 0
github.com/databr/api/service/data_render.go:17.93,21.50 3 1
github.com/databr/api/service/data_render.go:30.2,31.48 2 1
github.com/databr/api/service/data_render.go:21.50,23.17 2 0
github.com/databr/api/service/data_render.go:26.3,27.13 2 0
github.com/databr/api/service/data_render.go:23.17,25.4 1 0
github.com/databr/api/service/data_render.go:34.64,35.32 1 1
github.com/databr/api/service/data_render.go:35.32,40.3 4 0
github.com/databr/api/service/data_render.go:40.3,42.3 1 1
github.com/databr/api/service/data_render.go:45.51,52.2 2 1
github.com/databr/api/service/metrosp_resource.go:15.51,20.16 3 0
github.com/databr/api/service/metrosp_resource.go:20.16,22.3 1 0
github.com/databr/api/service/metrosp_resource.go:22.3,24.13 2 0
github.com/databr/api/service/metrosp_resource.go:28.3,42.45 3 0
github.com/databr/api/service/metrosp_resource.go:24.13,27.4 2 0
github.com/databr/api/service/metrosp_resource.go:46.53,52.16 4 0
github.com/databr/api/service/metrosp_resource.go:52.16,54.3 1 0
github.com/databr/api/service/metrosp_resource.go:54.3,57.13 2 0
github.com/databr/api/service/metrosp_resource.go:61.3,63.57 2 0
github.com/databr/api/service/metrosp_resource.go:57.13,60.4 2 0
github.com/databr/api/service/metrosp_resource.go:67.59,73.16 4 0
github.com/databr/api/service/metrosp_resource.go:73.16,75.3 1 0
github.com/databr/api/service/metrosp_resource.go:75.3,77.3 1 0
github.com/databr/api/service/metrosp_resource.go:80.56,81.22 1 0
github.com/databr/api/service/metrosp_resource.go:81.22,83.3 1 0
github.com/databr/api/service/metrosp_resource.go:86.59,97.2 1 0
github.com/databr/api/service/pingdom_service.go:16.31,17.48 1 0
github.com/databr/api/service/pingdom_service.go:17.48,24.17 5 0
github.com/databr/api/service/pingdom_service.go:28.3,41.22 4 0
github.com/databr/api/service/pingdom_service.go:24.17,26.4 1 0
github.com/databr/api/service/metrosp_service.go:12.59,16.2 3 0
github.com/databr/api/service/metrosp_service.go:16.2,20.3 3 0
github.com/databr/api/service/parties_service.go:12.60,16.2 3 0
github.com/databr/api/service/parties_service.go:16.2,20.3 2 0
